Build started 15/04/2015 16:32:23.
     1>Project "C:\Users\Markos Horro\Dropbox\Carrera\Tercero\Codiseño Hardware Software\chs\ProyectoSystemC.vcxproj" on node 2 (build target(s)).
     1>InitializeBuildStatus:
         Touching "Debug\Controlador.unsuccessfulbuild".
       ClCompile:
         C:\Program Files (x86)\Microsoft Visual Studio 10.0\VC\bin\CL.exe /c /ZI /nologo /W3 /WX- /Od /Oy- /D WIN32 /D _DEBUG /D _CONSOLE /D _UNICODE /D UNICODE /Gm /EHsc /RTC1 /MTd /GS /fp:precise /Zc:wchar_t /Zc:forScope /Fo"Debug\\" /Fd"Debug\vc100.pdb" /Gd /TP /analyze- /errorReport:prompt diffEvol_threads_MAIN.cpp /vmg 
         diffEvol_threads_MAIN.cpp
     1>c:\users\markos horro\dropbox\carrera\tercero\codiseño hardware software\systemc-2.2.0\src\sysc\datatypes\int\sc_nbutils.h(85): warning C4996: 'sprintf': This function or variable may be unsafe. Consider using sprintf_s instead. To disable deprecation, use _CRT_SECURE_NO_WARNINGS. See online help for details.
                 c:\program files (x86)\microsoft visual studio 10.0\vc\include\stdio.h(371) : see declaration of 'sprintf'
     1>c:\users\markos horro\dropbox\carrera\tercero\codiseño hardware software\chs\diffevol_threads_main.cpp(41): warning C4996: 'sprintf': This function or variable may be unsafe. Consider using sprintf_s instead. To disable deprecation, use _CRT_SECURE_NO_WARNINGS. See online help for details.
                 c:\program files (x86)\microsoft visual studio 10.0\vc\include\stdio.h(371) : see declaration of 'sprintf'
     1>c:\users\markos horro\dropbox\carrera\tercero\codiseño hardware software\chs\diffevol_threads_main.cpp(104): error C2664: 'productor<T,O>::productor(sc_core::sc_module_name,char *)' : cannot convert parameter 2 from 'const char *' to 'char *'
                 with
                 [
                     T=sc_dt::sc_uint<64>,
                     O=double
                 ]
                 Conversion loses qualifiers
     1>c:\users\markos horro\dropbox\carrera\tercero\codiseño hardware software\chs\diffevol_threads_main.cpp(105): error C2664: 'productor<T,O>::productor(sc_core::sc_module_name,char *)' : cannot convert parameter 2 from 'const char *' to 'char *'
                 with
                 [
                     T=sc_dt::sc_uint<8>,
                     O=unsigned char
                 ]
                 Conversion loses qualifiers
     1>c:\users\markos horro\dropbox\carrera\tercero\codiseño hardware software\chs\diffevol_threads_main.cpp(106): error C2664: 'productor<T,O>::productor(sc_core::sc_module_name,char *)' : cannot convert parameter 2 from 'const char *' to 'char *'
                 with
                 [
                     T=sc_dt::sc_uint<8>,
                     O=unsigned char
                 ]
                 Conversion loses qualifiers
     1>c:\users\markos horro\dropbox\carrera\tercero\codiseño hardware software\chs\diffevol_threads_main.cpp(107): error C2664: 'productor<T,O>::productor(sc_core::sc_module_name,char *)' : cannot convert parameter 2 from 'const char *' to 'char *'
                 with
                 [
                     T=sc_dt::sc_uint<8>,
                     O=unsigned char
                 ]
                 Conversion loses qualifiers
     1>c:\users\markos horro\dropbox\carrera\tercero\codiseño hardware software\chs\diffevol_threads_main.cpp(108): error C2664: 'productor<T,O>::productor(sc_core::sc_module_name,char *)' : cannot convert parameter 2 from 'const char *' to 'char *'
                 with
                 [
                     T=sc_dt::sc_uint<16>,
                     O=unsigned int
                 ]
                 Conversion loses qualifiers
     1>c:\users\markos horro\dropbox\carrera\tercero\codiseño hardware software\chs\diffevol_threads_main.cpp(109): error C2664: 'productor<T,O>::productor(sc_core::sc_module_name,char *)' : cannot convert parameter 2 from 'const char *' to 'char *'
                 with
                 [
                     T=bool,
                     O=bool
                 ]
                 Conversion loses qualifiers
     1>c:\users\markos horro\dropbox\carrera\tercero\codiseño hardware software\chs\diffevol_threads_main.cpp(110): error C2664: 'productorMultiple<T,O,N>::productorMultiple(sc_core::sc_module_name,char *)' : cannot convert parameter 2 from 'const char *' to 'char *'
                 with
                 [
                     T=sc_dt::sc_uint<64>,
                     O=double,
                     N=11
                 ]
                 Conversion loses qualifiers
     1>c:\users\markos horro\dropbox\carrera\tercero\codiseño hardware software\chs\diffevol_threads_main.cpp(111): error C2664: 'productorMultiple<T,O,N>::productorMultiple(sc_core::sc_module_name,char *)' : cannot convert parameter 2 from 'const char *' to 'char *'
                 with
                 [
                     T=sc_dt::sc_uint<64>,
                     O=double,
                     N=10
                 ]
                 Conversion loses qualifiers
     1>c:\users\markos horro\dropbox\carrera\tercero\codiseño hardware software\chs\diffevol_threads_main.cpp(114): error C2664: 'consumidor<T,O>::consumidor(sc_core::sc_module_name,char *)' : cannot convert parameter 2 from 'const char *' to 'char *'
                 with
                 [
                     T=sc_dt::sc_uint<8>,
                     O=unsigned char
                 ]
                 Conversion loses qualifiers
     1>c:\users\markos horro\dropbox\carrera\tercero\codiseño hardware software\chs\diffevol_threads_main.cpp(115): error C2664: 'consumidor<T,O>::consumidor(sc_core::sc_module_name,char *)' : cannot convert parameter 2 from 'const char *' to 'char *'
                 with
                 [
                     T=sc_dt::sc_uint<8>,
                     O=unsigned char
                 ]
                 Conversion loses qualifiers
     1>c:\users\markos horro\dropbox\carrera\tercero\codiseño hardware software\chs\diffevol_threads_main.cpp(116): error C2664: 'consumidor<T,O>::consumidor(sc_core::sc_module_name,char *)' : cannot convert parameter 2 from 'const char *' to 'char *'
                 with
                 [
                     T=sc_dt::sc_uint<64>,
                     O=double
                 ]
                 Conversion loses qualifiers
     1>c:\users\markos horro\dropbox\carrera\tercero\codiseño hardware software\chs\diffevol_threads_main.cpp(117): error C2664: 'consumidor<T,O>::consumidor(sc_core::sc_module_name,char *)' : cannot convert parameter 2 from 'const char *' to 'char *'
                 with
                 [
                     T=sc_dt::sc_uint<64>,
                     O=double
                 ]
                 Conversion loses qualifiers
     1>c:\users\markos horro\dropbox\carrera\tercero\codiseño hardware software\chs\diffevol_threads_main.cpp(118): error C2664: 'consumidorMultiple<T,O,N>::consumidorMultiple(sc_core::sc_module_name,char *)' : cannot convert parameter 2 from 'const char *' to 'char *'
                 with
                 [
                     T=sc_dt::sc_uint<64>,
                     O=double,
                     N=10
                 ]
                 Conversion loses qualifiers
     1>c:\users\markos horro\dropbox\carrera\tercero\codiseño hardware software\chs\diffevol_threads_main.cpp(119): error C2664: 'consumidorMultiple<T,O,N>::consumidorMultiple(sc_core::sc_module_name,char *)' : cannot convert parameter 2 from 'const char *' to 'char *'
                 with
                 [
                     T=sc_dt::sc_uint<64>,
                     O=double,
                     N=10
                 ]
                 Conversion loses qualifiers
     1>c:\users\markos horro\dropbox\carrera\tercero\codiseño hardware software\chs\diffevol_threads_main.cpp(120): error C2664: 'consumidorMultiple<T,O,N>::consumidorMultiple(sc_core::sc_module_name,char *)' : cannot convert parameter 2 from 'const char *' to 'char *'
                 with
                 [
                     T=sc_dt::sc_uint<64>,
                     O=double,
                     N=10
                 ]
                 Conversion loses qualifiers
     1>c:\users\markos horro\dropbox\carrera\tercero\codiseño hardware software\chs\diffevol_threads_main.cpp(121): error C2664: 'consumidor<T,O>::consumidor(sc_core::sc_module_name,char *)' : cannot convert parameter 2 from 'const char *' to 'char *'
                 with
                 [
                     T=sc_dt::sc_uint<64>,
                     O=double
                 ]
                 Conversion loses qualifiers
     1>c:\users\markos horro\dropbox\carrera\tercero\codiseño hardware software\chs\diffevol_threads_main.cpp(155): error C2664: 'void sc_core::sc_port_b<IF>::operator ()(sc_core::sc_port_b<IF> &)' : cannot convert parameter 1 from 'fifo_T<T>' to 'sc_core::sc_port_b<IF> &'
                 with
                 [
                     IF=read_if_T<sc_dt::sc_uint<10>>
                 ]
                 and
                 [
                     T=sc_dt::sc_uint<16>
                 ]
                 and
                 [
                     IF=read_if_T<sc_dt::sc_uint<10>>
                 ]
     1>Done Building Project "C:\Users\Markos Horro\Dropbox\Carrera\Tercero\Codiseño Hardware Software\chs\ProyectoSystemC.vcxproj" (build target(s)) -- FAILED.

Build FAILED.

Time Elapsed 00:00:02.10
